[00:28:35] [ServerMain/INFO]: [bootstrap] Running Java 21 (OpenJDK 64-Bit Server VM 21.0.5+11-Ubuntu-1ubuntu120.04; Ubuntu null) on Linux 6.5.0-1025-azure (amd64)
[00:28:35] [ServerMain/INFO]: [bootstrap] Loading Paper 1.21.1-131-ver/1.21.1@84281ce (2024-10-31T17:43:44Z) for Minecraft 1.21.1
[00:28:35] [ServerMain/INFO]: [PluginInitializerManager] Initializing plugins...
[00:28:37] [ServerMain/INFO]: [PluginInitializerManager] Initialized 3 plugins
[00:28:37] [ServerMain/INFO]: [PluginInitializerManager] Bukkit plugins (3):
 - GWarp ([2.13.0.2]), SkinsRestorer (15.5.1), TabTPS (1.3.25)
[00:28:42] [ServerMain/INFO]: Environment: Environment[sessionHost=https://sessionserver.mojang.com, servicesHost=https://api.minecraftservices.com, name=PROD]
[00:28:44] [ServerMain/INFO]: Loaded 1290 recipes
[00:28:44] [ServerMain/INFO]: Loaded 1399 advancements
[00:28:44] [Server thread/INFO]: Starting minecraft server version 1.21.1
[00:28:44] [Server thread/INFO]: Loading properties
[00:28:44] [Server thread/INFO]: This server is running Paper version 1.21.1-131-ver/1.21.1@84281ce (2024-10-31T17:43:44Z) (Implementing API version 1.21.1-R0.1-SNAPSHOT)
[00:28:45] [Server thread/INFO]: [spark] This server bundles the spark profiler. For more information please visit https://docs.papermc.io/paper/profiling
[00:28:45] [Server thread/INFO]: Server Ping Player Sample Count: 12
[00:28:45] [Server thread/INFO]: Using 4 threads for Netty based IO
[00:28:46] [Server thread/INFO]: [ChunkTaskScheduler] Chunk system is using 1 I/O threads, 1 worker threads, and population gen parallelism of 1 threads
[00:28:46] [Server thread/INFO]: Default game type: SURVIVAL
[00:28:46] [Server thread/INFO]: Generating keypair
[00:28:46] [Server thread/INFO]: Starting Minecraft server on *:25565
[00:28:46] [Server thread/INFO]: Using epoll channel type
[00:28:46] [Server thread/INFO]: Paper: Using libdeflate (Linux x86_64) compression from Velocity.
[00:28:46] [Server thread/INFO]: Paper: Using OpenSSL 1.1.x (Linux x86_64) cipher from Velocity.
[00:28:47] [Server thread/INFO]: [TabTPS] Loading server plugin TabTPS v1.3.25
[00:28:47] [Server thread/INFO]: [GWarp] Loading server plugin GWarp v[2.13.0.2]
[00:28:47] [Server thread/INFO]: [SkinsRestorer] Loading server plugin SkinsRestorer v15.5.1
[00:28:47] [Server thread/INFO]: Server permissions file permissions.yml is empty, ignoring it
[00:28:47] [Server thread/INFO]: [SkinsRestorer] Enabling SkinsRestorer v15.5.1
[00:28:48] [Server thread/WARN]: [SkinsRestorer] You must agree to the rules at 'commands.perSkinPermissionsConsent' in the config to use per skin permissions.
[00:28:48] [Server thread/INFO]: [SkinsRestorer] Running on Minecraft 1.21.1.
[00:28:49] [Server thread/INFO]: [SkinsRestorer] Using paper join listener!
[00:28:49] [Server thread/WARN]: **** SERVER IS RUNNING IN OFFLINE/INSECURE MODE!
[00:28:49] [Server thread/WARN]: The server will make no attempt to authenticate usernames. Beware.
[00:28:49] [Server thread/WARN]: While this makes the game possible to play without internet access, it also opens up the ability for hackers to connect with any username they choose.
[00:28:49] [Server thread/WARN]: To change this, set "online-mode" to "true" in the server.properties file.
[00:28:49] [Server thread/INFO]: Preparing level "world"
[00:28:49] [Folia Async Scheduler Thread #1/INFO]: [SkinsRestorer] ----------------------------------------------
[00:28:49] [Folia Async Scheduler Thread #1/INFO]: [SkinsRestorer]     +==================+
[00:28:49] [Folia Async Scheduler Thread #1/INFO]: [SkinsRestorer]     |   SkinsRestorer  |
[00:28:49] [Folia Async Scheduler Thread #1/INFO]: [SkinsRestorer]     |------------------|
[00:28:49] [Folia Async Scheduler Thread #1/INFO]: [SkinsRestorer]     |  Standalone Mode |
[00:28:49] [Folia Async Scheduler Thread #1/INFO]: [SkinsRestorer]     +==================+
[00:28:49] [Folia Async Scheduler Thread #1/INFO]: [SkinsRestorer] ----------------------------------------------
[00:28:49] [Folia Async Scheduler Thread #1/INFO]: [SkinsRestorer]     Version: 15.5.1
[00:28:49] [Folia Async Scheduler Thread #1/INFO]: [SkinsRestorer]     Commit: d5d8613
[00:28:49] [Folia Async Scheduler Thread #1/INFO]: [SkinsRestorer]     A new version (15.5.2) is available! Downloading update...
[00:28:49] [Folia Async Scheduler Thread #1/INFO]: [SkinsRestorer] ----------------------------------------------
[00:28:49] [Folia Async Scheduler Thread #1/INFO]: [SkinsRestorer] Do you have issues? Read our troubleshooting guide: https://skinsrestorer.net/docs/troubleshooting
[00:28:49] [Folia Async Scheduler Thread #1/INFO]: [SkinsRestorer] Want to support SkinsRestorer? Consider donating: https://skinsrestorer.net/donate
[00:28:49] [Folia Async Scheduler Thread #1/INFO]: [SkinsRestorer] [GitHubUpdate] Downloading update...
[00:28:49] [Server thread/INFO]: Preparing start region for dimension minecraft:overworld
[00:28:49] [Folia Async Scheduler Thread #1/INFO]: [SkinsRestorer] [GitHubUpdate] Downloaded update in 476ms
[00:28:49] [Folia Async Scheduler Thread #1/INFO]: [SkinsRestorer] [GitHubUpdate] Update saved as SkinsRestorer (1).jar
[00:28:49] [Folia Async Scheduler Thread #1/INFO]: [SkinsRestorer] [GitHubUpdate] The update will be loaded on the next server restart
[00:28:50] [Server thread/INFO]: Time elapsed: 976 ms
[00:28:50] [Server thread/INFO]: Preparing start region for dimension minecraft:the_nether
[00:28:50] [Server thread/INFO]: Time elapsed: 432 ms
[00:28:50] [Server thread/INFO]: Preparing start region for dimension minecraft:the_end
[00:28:50] [Server thread/INFO]: Time elapsed: 97 ms
[00:28:50] [Server thread/INFO]: [TabTPS] Enabling TabTPS v1.3.25
[00:28:51] [Server thread/INFO]: [GWarp] Enabling GWarp v[2.13.0.2]
[00:28:51] [Server thread/INFO]: [GWarp] The Plugin was successfully enabled.
[00:28:52] [Server thread/INFO]: [spark] Starting background profiler...
[00:28:52] [Server thread/INFO]: Done preparing level "world" (3.241s)
[00:28:52] [Server thread/INFO]: Running delayed init tasks
[00:28:52] [Server thread/INFO]: Done (17.839s)! For help, type "help"
[00:28:52] [Server thread/INFO]: Timings Reset
[00:28:52] [Craft Scheduler Thread - 3 - TabTPS/INFO]: [TabTPS] There is an update available for TabTPS!
[00:28:52] [Craft Scheduler Thread - 3 - TabTPS/INFO]: [TabTPS] This server is running version v1.3.25, which is 1 versions outdated.
[00:28:52] [Craft Scheduler Thread - 3 - TabTPS/INFO]: [TabTPS] Download the latest version, v1.3.26 from GitHub at the link below:
[00:28:52] [Craft Scheduler Thread - 3 - TabTPS/INFO]: [TabTPS] https://github.com/jpenilla/TabTPS/releases/tag/v1.3.26
[00:29:04] [User Authenticator #0/INFO]: UUID of player Termostato34 is a62bbb5f-22fb-364c-8ce6-21a51aa29739
[00:29:05] [Server thread/INFO]: Termostato34 joined the game
[00:29:05] [Server thread/INFO]: Termostato34[/172.24.156.32:52462] logged in with entity id 121 at ([world]328.2082565584642, 203.0, -102.35939952330031)
